<?xml version="1.0" encoding="UTF-8"?>
<!-- Generated by org.testng.reporters.JUnitReportReporter -->
<testsuite hostname="DESKTOP-AOEQFTK" failures="0" tests="18" name="testcases.NewAccountTest" time="33.898" errors="1" timestamp="2023-04-27T11:52:11 EAT" skipped="16">
  <testcase classname="testcases.NewAccountTest" name="addNewAccount" time="21.485"/>
  <system-out>
    <![CDATA[Method name is addNewAccount
Status of execution is 1]]>
  </system-out>
  <testcase classname="testcases.NewAccountTest" name="addNewAccount" time="0.000">
    <skipped/>
  </testcase> <!-- addNewAccount -->
  <system-out>
    <![CDATA[Method name is addNewAccount]]>
  </system-out>
  <testcase classname="testcases.NewAccountTest" name="addNewAccount" time="0.000">
    <skipped/>
  </testcase> <!-- addNewAccount -->
  <system-out>
    <![CDATA[Method name is addNewAccount]]>
  </system-out>
  <testcase classname="testcases.NewAccountTest" name="addNewAccount" time="0.000">
    <skipped/>
  </testcase> <!-- addNewAccount -->
  <system-out>
    <![CDATA[Method name is addNewAccount]]>
  </system-out>
  <testcase classname="testcases.NewAccountTest" name="addNewAccount" time="0.001">
    <skipped/>
  </testcase> <!-- addNewAccount -->
  <system-out>
    <![CDATA[Method name is addNewAccount]]>
  </system-out>
  <testcase classname="testcases.NewAccountTest" name="addNewAccount" time="0.000">
    <skipped/>
  </testcase> <!-- addNewAccount -->
  <system-out>
    <![CDATA[Method name is addNewAccount]]>
  </system-out>
  <testcase classname="testcases.NewAccountTest" name="addNewAccount" time="0.001">
    <skipped/>
  </testcase> <!-- addNewAccount -->
  <system-out>
    <![CDATA[Method name is addNewAccount]]>
  </system-out>
  <testcase classname="testcases.NewAccountTest" name="addNewAccount" time="0.000">
    <skipped/>
  </testcase> <!-- addNewAccount -->
  <system-out>
    <![CDATA[Method name is addNewAccount]]>
  </system-out>
  <testcase classname="testcases.NewAccountTest" name="addNewAccount" time="0.001">
    <skipped/>
  </testcase> <!-- addNewAccount -->
  <system-out>
    <![CDATA[Method name is addNewAccount]]>
  </system-out>
  <testcase classname="testcases.NewAccountTest" name="setUp" time="12.410">
    <error message="unknown error: cannot determine loading status
from no such window
  (Session info: chrome=112.0.5615.138)
Build info: version: &#039;4.8.3&#039;, revision: &#039;e5e76298c3&#039;
System info: os.name: &#039;Windows 10&#039;, os.arch: &#039;amd64&#039;, os.version: &#039;10.0&#039;, java.version: &#039;17.0.6&#039;
Driver info: org.openqa.selenium.chrome.ChromeDriver
Command: [943a94c6eaea849b94feccbaac75c0bc, clickElement {id=34a0336f-b4db-4b04-80b0-91bdbf4a317b}]
Capabilities {acceptInsecureCerts: false, browserName: chrome, browserVersion: 112.0.5615.138, chrome: {chromedriverVersion: 112.0.5615.49 (bd2a7bcb881c..., userDataDir: C:\Users\doug\AppData\Local...}, goog:chromeOptions: {debuggerAddress: localhost:56430}, networkConnectionEnabled: false, pageLoadStrategy: normal, platformName: WINDOWS, proxy: Proxy(), se:cdp: ws://localhost:56430/devtoo..., se:cdpVersion: 112.0.5615.138, setWindowRect: true, strictFileInteractability: false, timeouts: {implicit: 0, pageLoad: 300000, script: 30000}, unhandledPromptBehavior: dismiss and notify, webauthn:extension:credBlob: true, webauthn:extension:largeBlob: true, webauthn:extension:minPinLength: true, webauthn:extension:prf: true, webauthn:virtualAuthenticators: true}
Element: [[ChromeDriver: chrome on WINDOWS (943a94c6eaea849b94feccbaac75c0bc)] -&gt; xpath: /html/body/form/table/tbody/tr[3]/td[2]/input[1]]
Session ID: 943a94c6eaea849b94feccbaac75c0bc" type="org.openqa.selenium.WebDriverException">
      <![CDATA[org.openqa.selenium.WebDriverException: unknown error: cannot determine loading status
from no such window
  (Session info: chrome=112.0.5615.138)
Build info: version: '4.8.3', revision: 'e5e76298c3'
System info: os.name: 'Windows 10', os.arch: 'amd64', os.version: '10.0', java.version: '17.0.6'
Driver info: org.openqa.selenium.chrome.ChromeDriver
Command: [943a94c6eaea849b94feccbaac75c0bc, clickElement {id=34a0336f-b4db-4b04-80b0-91bdbf4a317b}]
Capabilities {acceptInsecureCerts: false, browserName: chrome, browserVersion: 112.0.5615.138, chrome: {chromedriverVersion: 112.0.5615.49 (bd2a7bcb881c..., userDataDir: C:\Users\doug\AppData\Local...}, goog:chromeOptions: {debuggerAddress: localhost:56430}, networkConnectionEnabled: false, pageLoadStrategy: normal, platformName: WINDOWS, proxy: Proxy(), se:cdp: ws://localhost:56430/devtoo..., se:cdpVersion: 112.0.5615.138, setWindowRect: true, strictFileInteractability: false, timeouts: {implicit: 0, pageLoad: 300000, script: 30000}, unhandledPromptBehavior: dismiss and notify, webauthn:extension:credBlob: true, webauthn:extension:largeBlob: true, webauthn:extension:minPinLength: true, webauthn:extension:prf: true, webauthn:virtualAuthenticators: true}
Element: [[ChromeDriver: chrome on WINDOWS (943a94c6eaea849b94feccbaac75c0bc)] -> xpath: /html/body/form/table/tbody/tr[3]/td[2]/input[1]]
Session ID: 943a94c6eaea849b94feccbaac75c0bc
at java.base/jdk.internal.reflect.NativeConstructorAccessorImpl.newInstance0(Native Method)
at java.base/jdk.internal.reflect.NativeConstructorAccessorImpl.newInstance(NativeConstructorAccessorImpl.java:77)
at java.base/jdk.internal.reflect.DelegatingConstructorAccessorImpl.newInstance(DelegatingConstructorAccessorImpl.java:45)
at java.base/java.lang.reflect.Constructor.newInstanceWithCaller(Constructor.java:499)
at java.base/java.lang.reflect.Constructor.newInstance(Constructor.java:480)
at org.openqa.selenium.remote.codec.w3c.W3CHttpResponseCodec.createException(W3CHttpResponseCodec.java:200)
at org.openqa.selenium.remote.codec.w3c.W3CHttpResponseCodec.decode(W3CHttpResponseCodec.java:133)
at org.openqa.selenium.remote.codec.w3c.W3CHttpResponseCodec.decode(W3CHttpResponseCodec.java:53)
at org.openqa.selenium.remote.HttpCommandExecutor.execute(HttpCommandExecutor.java:193)
at org.openqa.selenium.remote.service.DriverCommandExecutor.invokeExecute(DriverCommandExecutor.java:183)
at org.openqa.selenium.remote.service.DriverCommandExecutor.execute(DriverCommandExecutor.java:158)
at org.openqa.selenium.remote.RemoteWebDriver.execute(RemoteWebDriver.java:543)
at org.openqa.selenium.remote.RemoteWebElement.execute(RemoteWebElement.java:257)
at org.openqa.selenium.remote.RemoteWebElement.click(RemoteWebElement.java:78)
at base.BaseTest.setUp(BaseTest.java:68)
at java.base/jdk.internal.reflect.NativeMethodAccessorImpl.invoke0(Native Method)
at java.base/jdk.internal.reflect.NativeMethodAccessorImpl.invoke(NativeMethodAccessorImpl.java:77)
at java.base/jdk.internal.reflect.DelegatingMethodAccessorImpl.invoke(DelegatingMethodAccessorImpl.java:43)
at java.base/java.lang.reflect.Method.invoke(Method.java:568)
at org.testng.internal.invokers.MethodInvocationHelper.invokeMethod(MethodInvocationHelper.java:139)
at org.testng.internal.invokers.MethodInvocationHelper.invokeMethodConsideringTimeout(MethodInvocationHelper.java:69)
at org.testng.internal.invokers.ConfigInvoker.invokeConfigurationMethod(ConfigInvoker.java:361)
at org.testng.internal.invokers.ConfigInvoker.invokeConfigurations(ConfigInvoker.java:296)
at org.testng.internal.invokers.TestInvoker.runConfigMethods(TestInvoker.java:823)
at org.testng.internal.invokers.TestInvoker.invokeMethod(TestInvoker.java:590)
at org.testng.internal.invokers.TestInvoker.invokeTestMethod(TestInvoker.java:221)
at org.testng.internal.invokers.MethodRunner.runInSequence(MethodRunner.java:50)
at org.testng.internal.invokers.TestInvoker$MethodInvocationAgent.invoke(TestInvoker.java:969)
at org.testng.internal.invokers.TestInvoker.invokeTestMethods(TestInvoker.java:194)
at org.testng.internal.invokers.TestMethodWorker.invokeTestMethods(TestMethodWorker.java:148)
at org.testng.internal.invokers.TestMethodWorker.run(TestMethodWorker.java:128)
at java.base/java.util.ArrayList.forEach(ArrayList.java:1511)
at org.testng.TestRunner.privateRun(TestRunner.java:829)
at org.testng.TestRunner.run(TestRunner.java:602)
at org.testng.SuiteRunner.runTest(SuiteRunner.java:437)
at org.testng.SuiteRunner.runSequentially(SuiteRunner.java:431)
at org.testng.SuiteRunner.privateRun(SuiteRunner.java:391)
at org.testng.SuiteRunner.run(SuiteRunner.java:330)
at org.testng.SuiteRunnerWorker.runSuite(SuiteRunnerWorker.java:52)
at org.testng.SuiteRunnerWorker.run(SuiteRunnerWorker.java:95)
at org.testng.TestNG.runSuitesSequentially(TestNG.java:1256)
at org.testng.TestNG.runSuitesLocally(TestNG.java:1176)
at org.testng.TestNG.runSuites(TestNG.java:1099)
at org.testng.TestNG.run(TestNG.java:1067)
at com.intellij.rt.testng.IDEARemoteTestNG.run(IDEARemoteTestNG.java:66)
at com.intellij.rt.testng.RemoteTestNGStarter.main(RemoteTestNGStarter.java:109)
]]>
    </error>
  </testcase> <!-- setUp -->
  <system-out/>
  <testcase classname="testcases.NewAccountTest" name="addNewAccount" time="0.000">
    <skipped/>
  </testcase> <!-- addNewAccount -->
  <system-out>
    <![CDATA[Method name is addNewAccount]]>
  </system-out>
  <testcase classname="testcases.NewAccountTest" name="addNewAccount" time="0.000">
    <skipped/>
  </testcase> <!-- addNewAccount -->
  <system-out>
    <![CDATA[Method name is addNewAccount]]>
  </system-out>
  <testcase classname="testcases.NewAccountTest" name="addNewAccount" time="0.000">
    <skipped/>
  </testcase> <!-- addNewAccount -->
  <system-out>
    <![CDATA[Method name is addNewAccount]]>
  </system-out>
  <testcase classname="testcases.NewAccountTest" name="addNewAccount" time="0.000">
    <skipped/>
  </testcase> <!-- addNewAccount -->
  <system-out>
    <![CDATA[Method name is addNewAccount]]>
  </system-out>
  <testcase classname="testcases.NewAccountTest" name="addNewAccount" time="0.000">
    <skipped/>
  </testcase> <!-- addNewAccount -->
  <system-out/>
  <testcase classname="testcases.NewAccountTest" name="addNewAccount" time="0.000">
    <skipped/>
  </testcase> <!-- addNewAccount -->
  <system-out>
    <![CDATA[Method name is addNewAccount]]>
  </system-out>
  <testcase classname="testcases.NewAccountTest" name="addNewAccount" time="0.000">
    <skipped/>
  </testcase> <!-- addNewAccount -->
  <system-out>
    <![CDATA[Method name is addNewAccount]]>
  </system-out>
  <testcase classname="testcases.NewAccountTest" name="addNewAccount" time="0.000">
    <skipped/>
  </testcase> <!-- addNewAccount -->
  <system-out>
    <![CDATA[Method name is addNewAccount]]>
  </system-out>
</testsuite> <!-- testcases.NewAccountTest -->
